<?xml version="1.0" encoding="UTF-8"?>
<!-- Generated by org.testng.reporters.JUnitXMLReporter -->
<testsuite ignored="2" hostname="LAPTOP-B6MQFRDE" failures="0" tests="2" name="BatchExecutionTest" time="62.5" errors="0" timestamp="2022-11-27T07:54:17 EST">
  <testcase classname="testNG.CreateOrginizationUsingBaseClass" name="CreateOrganization" time="11.806"/>
  <testcase classname="testNG.CreateContactUsingBaseClass" name="CreateContactWithOrganization" time="26.969"/>
  <testcase classname="GenericUtility.BaseClass" name="@AfterSuite auConfig" time="0.0">
    <ignored/>
  </testcase> <!-- @AfterSuite auConfig -->
  <testcase classname="GenericUtility.BaseClass" name="@BeforeSuite bsConfig" time="0.0">
    <ignored/>
  </testcase> <!-- @BeforeSuite bsConfig -->
</testsuite> <!-- BatchExecutionTest -->
