<?xml version="1.0" encoding="UTF-8"?>
<!-- Generated by org.testng.reporters.JUnitXMLReporter -->
<testsuite ignored="2" hostname="LAPTOP-B6MQFRDE" failures="0" tests="4" name="SmokeAndSanityTest" time="86.407" errors="0" timestamp="2022-11-27T08:27:33 EST">
  <testcase classname="testNG.CreateOrginizationUsingBaseClass" name="CreateOrganization" time="12.045"/>
  <testcase classname="testNG.CreateOrginizationUsingBaseClass" name="demo" time="0.003"/>
  <testcase classname="testNG.CreateContactUsingBaseClass" name="CreateContactWithOrganization" time="28.337"/>
  <testcase classname="testNG.CreateContactUsingBaseClass" name="demoSmoke" time="0.001"/>
  <testcase classname="GenericUtility.BaseClass" name="@AfterSuite auConfig" time="0.0">
    <ignored/>
  </testcase> <!-- @AfterSuite auConfig -->
  <testcase classname="GenericUtility.BaseClass" name="@BeforeSuite bsConfig" time="0.0">
    <ignored/>
  </testcase> <!-- @BeforeSuite bsConfig -->
</testsuite> <!-- SmokeAndSanityTest -->
