<?xml version="1.0" encoding="UTF-8"?>
<!-- Generated by org.testng.reporters.JUnitXMLReporter -->
<testsuite ignored="2" hostname="LAPTOP-B6MQFRDE" failures="1" tests="2" name="Test" time="27.906" errors="0" timestamp="2022-12-01T15:28:07 EST">
  <testcase classname="testNG.listerner2" name="demo1" time="0.01">
    <failure type="java.lang.AssertionError" message="null">
      <![CDATA[java.lang.AssertionError: null
at testNG.listerner2.demo1(listerner2.java:13)
at java.base/java.util.ArrayList.forEach(ArrayList.java:1511)
... Removed 29 stack frames]]>
    </failure>
  </testcase> <!-- demo1 -->
  <testcase classname="testNG.listerner1" name="demo1" time="0.002"/>
  <testcase classname="GenericUtility.BaseClass" name="@AfterSuite auConfig" time="0.0">
    <ignored/>
  </testcase> <!-- @AfterSuite auConfig -->
  <testcase classname="GenericUtility.BaseClass" name="@BeforeSuite bsConfig" time="0.0">
    <ignored/>
  </testcase> <!-- @BeforeSuite bsConfig -->
</testsuite> <!-- Test -->
