<?xml version="1.0" encoding="UTF-8"?>
<testng-results ignored="0" total="1" passed="1" failed="0" skipped="0">
  <reporter-output>
  </reporter-output>
  <suite started-at="2022-12-22T06:10:21 EST" name="Default suite" finished-at="2022-12-22T06:10:21 EST" duration-ms="42">
    <groups>
    </groups>
    <test started-at="2022-12-22T06:10:21 EST" name="Default test" finished-at="2022-12-22T06:10:21 EST" duration-ms="42">
      <class name="testNG.ReadDataFromPro">
        <test-method signature="readData()[pri:0, instance:testNG.ReadDataFromPro@446293d]" started-at="2022-12-22T06:10:21 EST" name="readData" finished-at="2022-12-22T06:10:21 EST" duration-ms="9" status="PASS">
          <reporter-output>
          </reporter-output>
        </test-method> <!-- readData -->
      </class> <!-- testNG.ReadDataFromPro -->
    </test> <!-- Default test -->
  </suite> <!-- Default suite -->
</testng-results>
